<?xml version="1.0" encoding="UTF-8"?>
<testsuite xmlns:xsi="http://www.w3.org/2001/XMLSchema-instance" xsi:noNamespaceSchemaLocation="https://maven.apache.org/surefire/maven-surefire-plugin/xsd/surefire-test-report.xsd" name="com.zly.sontransaction.SonTransactionApplicationTests" time="4.745" tests="3" errors="3" skipped="0" failures="0">
  <properties>
[...]
</properties>
  <testcase name="testTrade1" classname="com.zly.sontransaction.SonTransactionApplicationTests" time="1.071">
    <error message="/ by zero" type="java.lang.ArithmeticException">java.lang.ArithmeticException: / by zero
	at com.zly.sontransaction.SonTransactionApplicationTests.testTrade1(SonTransactionApplicationTests.java:25)
</error>
    <system-out><![CDATA[11:04:41.109 [main] DEBUG org.springframework.test.context.junit4.SpringJUnit4ClassRunner - SpringJUnit4ClassRunner constructor called with [class com.zly.sontransaction.SonTransactionApplicationTests]
11:04:41.114 [main] DEBUG org.springframework.test.context.BootstrapUtils - Instantiating CacheAwareContextLoaderDelegate from class [org.springframework.test.context.cache.DefaultCacheAwareContextLoaderDelegate]
11:04:41.122 [main] DEBUG org.springframework.test.context.BootstrapUtils - Instantiating BootstrapContext using constructor [public org.springframework.test.context.support.DefaultBootstrapContext(java.lang.Class,org.springframework.test.context.CacheAwareContextLoaderDelegate)]
11:04:41.146 [main] DEBUG org.springframework.test.context.BootstrapUtils - Instantiating TestContextBootstrapper for test class [com.zly.sontransaction.SonTransactionApplicationTests] from class [org.springframework.boot.test.context.SpringBootTestContextBootstrapper]
11:04:41.162 [main] INFO org.springframework.boot.test.context.SpringBootTestContextBootstrapper - Neither @ContextConfiguration nor @ContextHierarchy found for test class [com.zly.sontransaction.SonTransactionApplicationTests], using SpringBootContextLoader
11:04:41.167 [main] DEBUG org.springframework.test.context.support.AbstractContextLoader - Did not detect default resource location for test class [com.zly.sontransaction.SonTransactionApplicationTests]: class path resource [com/zly/sontransaction/SonTransactionApplicationTests-context.xml] does not exist
11:04:41.169 [main] DEBUG org.springframework.test.context.support.AbstractContextLoader - Did not detect default resource location for test class [com.zly.sontransaction.SonTransactionApplicationTests]: class path resource [com/zly/sontransaction/SonTransactionApplicationTestsContext.groovy] does not exist
11:04:41.170 [main] INFO org.springframework.test.context.support.AbstractContextLoader - Could not detect default resource locations for test class [com.zly.sontransaction.SonTransactionApplicationTests]: no resource found for suffixes {-context.xml, Context.groovy}.
11:04:41.221 [main] DEBUG org.springframework.test.context.support.ActiveProfilesUtils - Could not find an 'annotation declaring class' for annotation type [org.springframework.test.context.ActiveProfiles] and class [com.zly.sontransaction.SonTransactionApplicationTests]
11:04:41.337 [main] DEBUG org.springframework.boot.test.context.SpringBootTestContextBootstrapper - @TestExecutionListeners is not present for class [com.zly.sontransaction.SonTransactionApplicationTests]: using defaults.
11:04:41.337 [main] INFO org.springframework.boot.test.context.SpringBootTestContextBootstrapper - Loaded default TestExecutionListener class names from location [META-INF/spring.factories]: [org.springframework.boot.test.mock.mockito.MockitoTestExecutionListener, org.springframework.boot.test.mock.mockito.ResetMocksTestExecutionListener, org.springframework.boot.test.autoconfigure.restdocs.RestDocsTestExecutionListener, org.springframework.boot.test.autoconfigure.web.client.MockRestServiceServerResetTestExecutionListener, org.springframework.boot.test.autoconfigure.web.servlet.MockMvcPrintOnlyOnFailureTestExecutionListener, org.springframework.boot.test.autoconfigure.web.servlet.WebDriverTestExecutionListener, org.springframework.test.context.web.ServletTestExecutionListener, org.springframework.test.context.support.DirtiesContextBeforeModesTestExecutionListener, org.springframework.test.context.support.DependencyInjectionTestExecutionListener, org.springframework.test.context.support.DirtiesContextTestExecutionListener, org.springframework.test.context.transaction.TransactionalTestExecutionListener, org.springframework.test.context.jdbc.SqlScriptsTestExecutionListener]
11:04:41.352 [main] INFO org.springframework.boot.test.context.SpringBootTestContextBootstrapper - Using TestExecutionListeners: [org.springframework.test.context.web.ServletTestExecutionListener@56620197, org.springframework.test.context.support.DirtiesContextBeforeModesTestExecutionListener@6eda5c9, org.springframework.boot.test.mock.mockito.MockitoTestExecutionListener@55b7a4e0, org.springframework.boot.test.autoconfigure.SpringBootDependencyInjectionTestExecutionListener@5f058f00, org.springframework.test.context.support.DirtiesContextTestExecutionListener@192d43ce, org.springframework.test.context.transaction.TransactionalTestExecutionListener@72057ecf, org.springframework.test.context.jdbc.SqlScriptsTestExecutionListener@1afd44cb, org.springframework.boot.test.mock.mockito.ResetMocksTestExecutionListener@6973b51b, org.springframework.boot.test.autoconfigure.restdocs.RestDocsTestExecutionListener@1ab3a8c8, org.springframework.boot.test.autoconfigure.web.client.MockRestServiceServerResetTestExecutionListener@43195e57, org.springframework.boot.test.autoconfigure.web.servlet.MockMvcPrintOnlyOnFailureTestExecutionListener@333291e3, org.springframework.boot.test.autoconfigure.web.servlet.WebDriverTestExecutionListener@479d31f3]
11:04:41.353 [main] DEBUG org.springframework.test.annotation.ProfileValueUtils - Retrieved @ProfileValueSourceConfiguration [null] for test class [com.zly.sontransaction.SonTransactionApplicationTests]
11:04:41.353 [main] DEBUG org.springframework.test.annotation.ProfileValueUtils - Retrieved ProfileValueSource type [class org.springframework.test.annotation.SystemProfileValueSource] for class [com.zly.sontransaction.SonTransactionApplicationTests]
11:04:41.354 [main] DEBUG org.springframework.test.annotation.ProfileValueUtils - Retrieved @ProfileValueSourceConfiguration [null] for test class [com.zly.sontransaction.SonTransactionApplicationTests]
11:04:41.354 [main] DEBUG org.springframework.test.annotation.ProfileValueUtils - Retrieved ProfileValueSource type [class org.springframework.test.annotation.SystemProfileValueSource] for class [com.zly.sontransaction.SonTransactionApplicationTests]
11:04:41.355 [main] DEBUG org.springframework.test.annotation.ProfileValueUtils - Retrieved @ProfileValueSourceConfiguration [null] for test class [com.zly.sontransaction.SonTransactionApplicationTests]
11:04:41.355 [main] DEBUG org.springframework.test.annotation.ProfileValueUtils - Retrieved ProfileValueSource type [class org.springframework.test.annotation.SystemProfileValueSource] for class [com.zly.sontransaction.SonTransactionApplicationTests]
11:04:41.360 [main] DEBUG org.springframework.test.context.support.AbstractDirtiesContextTestExecutionListener - Before test class: context [DefaultTestContext@661972b0 testClass = SonTransactionApplicationTests, testInstance = [null], testMethod = [null], testException = [null], mergedContextConfiguration = [WebMergedContextConfiguration@5af3afd9 testClass = SonTransactionApplicationTests, locations = '{}', classes = '{class com.zly.sontransaction.SonTransactionApplication, class com.zly.sontransaction.SonTransactionApplication}', contextInitializerClasses = '[]', activeProfiles = '{}', propertySourceLocations = '{}', propertySourceProperties = '{org.springframework.boot.test.context.SpringBootTestContextBootstrapper=true}', contextCustomizers = set[org.springframework.boot.test.context.filter.ExcludeFilterContextCustomizer@8646db9, org.springframework.boot.test.json.DuplicateJsonObjectContextCustomizerFactory$DuplicateJsonObjectContextCustomizer@2db7a79b, org.springframework.boot.test.mock.mockito.MockitoContextCustomizer@0, org.springframework.boot.test.web.client.TestRestTemplateContextCustomizer@17d0685f, org.springframework.boot.test.autoconfigure.properties.PropertyMappingContextCustomizer@0, org.springframework.boot.test.autoconfigure.web.servlet.WebDriverContextCustomizerFactory$Customizer@2eda0940], resourceBasePath = 'src/main/webapp', contextLoader = 'org.springframework.boot.test.context.SpringBootContextLoader', parent = [null]], attributes = map['org.springframework.test.context.web.ServletTestExecutionListener.activateListener' -> true]], class annotated with @DirtiesContext [false] with mode [null].
11:04:41.360 [main] DEBUG org.springframework.test.annotation.ProfileValueUtils - Retrieved @ProfileValueSourceConfiguration [null] for test class [com.zly.sontransaction.SonTransactionApplicationTests]
11:04:41.360 [main] DEBUG org.springframework.test.annotation.ProfileValueUtils - Retrieved ProfileValueSource type [class org.springframework.test.annotation.SystemProfileValueSource] for class [com.zly.sontransaction.SonTransactionApplicationTests]
11:04:41.380 [main] DEBUG org.springframework.test.context.support.TestPropertySourceUtils - Adding inlined properties to environment: {spring.jmx.enabled=false, org.springframework.boot.test.context.SpringBootTestContextBootstrapper=true, server.port=-1}

  .   ____          _            __ _ _
 /\\ / ___'_ __ _ _(_)_ __  __ _ \ \ \ \
( ( )\___ | '_ | '_| | '_ \/ _` | \ \ \ \
 \\/  ___)| |_)| | | | | || (_| |  ) ) ) )
  '  |____| .__|_| |_|_| |_\__, | / / / /
 =========|_|==============|___/=/_/_/_/
 :: Spring Boot ::        (v2.1.8.RELEASE)

2019-10-08 11:04:41.688  INFO 1944 --- [           main] c.z.s.SonTransactionApplicationTests     : Starting SonTransactionApplicationTests on PC-20180611NTJA with PID 1944 (started by Administrator in E:\Program Files\IDEA\workspace\father\son-transaction)
2019-10-08 11:04:41.690  INFO 1944 --- [           main] c.z.s.SonTransactionApplicationTests     : No active profile set, falling back to default profiles: default
2019-10-08 11:04:42.506  INFO 1944 --- [           main] .s.d.r.c.RepositoryConfigurationDelegate : Bootstrapping Spring Data repositories in DEFAULT mode.
2019-10-08 11:04:42.547  INFO 1944 --- [           main] .s.d.r.c.RepositoryConfigurationDelegate : Finished Spring Data repository scanning in 26ms. Found 0 repository interfaces.
2019-10-08 11:04:42.897  INFO 1944 --- [           main] trationDelegate$BeanPostProcessorChecker : Bean 'org.springframework.transaction.annotation.ProxyTransactionManagementConfiguration' of type [org.springframework.transaction.annotation.ProxyTransactionManagementConfiguration$$EnhancerBySpringCGLIB$$ffbadc3a] is not eligible for getting processed by all BeanPostProcessors (for example: not eligible for auto-proxying)
2019-10-08 11:04:43.141  INFO 1944 --- [           main] c.zly.sontransaction.config.DruidConfig  : 【jdbcTemplate 初始化...】
2019-10-08 11:04:43.163  INFO 1944 --- [           main] c.zly.sontransaction.config.DruidConfig  : ---【transactionManager 初始化...】---
2019-10-08 11:04:43.171  INFO 1944 --- [           main] c.zly.sontransaction.config.DruidConfig  : 【transactionTemplate 初始化...】
2019-10-08 11:04:44.027  INFO 1944 --- [           main] o.s.s.concurrent.ThreadPoolTaskExecutor  : Initializing ExecutorService 'applicationTaskExecutor'
2019-10-08 11:04:44.488  INFO 1944 --- [           main] c.z.s.SonTransactionApplicationTests     : Started SonTransactionApplicationTests in 3.101 seconds (JVM running for 3.851)
2019-10-08 11:04:45.112  INFO 1944 --- [           main] com.alibaba.druid.pool.DruidDataSource   : {dataSource-1} inited
]]></system-out>
  </testcase>
  <testcase name="testTrade2" classname="com.zly.sontransaction.SonTransactionApplicationTests" time="0.064">
    <error message="/ by zero" type="java.lang.ArithmeticException">java.lang.ArithmeticException: / by zero
	at com.zly.sontransaction.SonTransactionApplicationTests.testTrade2(SonTransactionApplicationTests.java:36)
</error>
  </testcase>
  <testcase name="testTrade3" classname="com.zly.sontransaction.SonTransactionApplicationTests" time="0.032">
    <error message="/ by zero" type="java.lang.ArithmeticException">java.lang.ArithmeticException: / by zero
	at com.zly.sontransaction.SonTransactionApplicationTests.testTrade3(SonTransactionApplicationTests.java:46)
</error>
  </testcase>
</testsuite>